<?xml version="1.0" encoding="UTF-8"?>
<testsuite xmlns:xsi="http://www.w3.org/2001/XMLSchema-instance" xsi:noNamespaceSchemaLocation="https://maven.apache.org/surefire/maven-surefire-plugin/xsd/surefire-test-report.xsd" version="3.0.2" name="ru.ssau.carshwebcourse.controller.CarControllerTest" time="0.394" tests="4" errors="0" skipped="0" failures="0">
  <properties>
[...]
</properties>
  <testcase name="testFindAllCars" classname="ru.ssau.carshwebcourse.controller.CarControllerTest" time="0.232">
    <system-out><![CDATA[2026-04-08T20:06:54.304+05:00 DEBUG 5020 --- [           main] .b.t.c.SpringBootTestContextBootstrapper : Neither @ContextConfiguration nor @ContextHierarchy found for test class [CarControllerTest]: using SpringBootContextLoader
2026-04-08T20:06:54.304+05:00  INFO 5020 --- [           main] t.c.s.AnnotationConfigContextLoaderUtils : Could not detect default configuration classes for test class [ru.ssau.carshwebcourse.controller.CarControllerTest]: CarControllerTest does not declare any static, non-private, non-final, nested classes annotated with @Configuration.
2026-04-08T20:06:54.305+05:00 DEBUG 5020 --- [           main] .b.t.c.SpringBootTestContextBootstrapper : Using ContextCustomizerFactory implementations for test class [CarControllerTest]: [SpringBootTestRandomPortContextCustomizerFactory, ImportsContextCustomizerFactory, PropertyMappingContextCustomizerFactory, ExcludeFilterContextCustomizerFactory, TypeExcludeFiltersContextCustomizerFactory, DisableReactorResourceFactoryGlobalResourcesContextCustomizerFactory, DuplicateJsonObjectContextCustomizerFactory, OnFailureConditionReportContextCustomizerFactory, OverrideAutoConfigurationContextCustomizerFactory, BeanOverrideContextCustomizerFactory, MockServerContainerContextCustomizerFactory, DynamicPropertiesContextCustomizerFactory]
2026-04-08T20:06:54.307+05:00 DEBUG 5020 --- [           main] .b.t.c.SpringBootTestContextBootstrapper : Using ContextCustomizers for test class [CarControllerTest]: [SpringBootTestRandomPortContextCustomizer, PropertyMappingContextCustomizer, ExcludeFilterContextCustomizer, DuplicateJsonObjectContextCustomizer, OnFailureConditionReportContextCustomizer, DynamicPropertiesContextCustomizer]
2026-04-08T20:06:54.322+05:00  INFO 5020 --- [           main] .b.t.c.SpringBootTestContextBootstrapper : Found @SpringBootConfiguration ru.ssau.carshwebcourse.CarshWebCourseApplication for test class ru.ssau.carshwebcourse.controller.CarControllerTest
2026-04-08T20:06:54.324+05:00 DEBUG 5020 --- [           main] .b.t.c.SpringBootTestContextBootstrapper : Using TestExecutionListeners for test class [CarControllerTest]: [ServletTestExecutionListener, DirtiesContextBeforeModesTestExecutionListener, ApplicationEventsTestExecutionListener, BeanOverrideTestExecutionListener, DependencyInjectionTestExecutionListener, DirtiesContextTestExecutionListener, CommonCachesTestExecutionListener, TransactionalTestExecutionListener, SqlScriptsTestExecutionListener, EventPublishingTestExecutionListener, MockitoResetTestExecutionListener]
2026-04-08T20:06:54.379+05:00 DEBUG 5020 --- [           main] org.hibernate.SQL                        : 
    insert 
    into
        car
        (car_brand, car_model, car_registration_number, car_status, car_year, car_id) 
    values
        (?, ?, ?, ?, ?, default)
Hibernate: 
    insert 
    into
        car
        (car_brand, car_model, car_registration_number, car_status, car_year, car_id) 
    values
        (?, ?, ?, ?, ?, default)
2026-04-08T20:06:54.439+05:00 DEBUG 5020 --- [           main] org.hibernate.SQL                        : 
    insert 
    into
        car
        (car_brand, car_model, car_registration_number, car_status, car_year, car_id) 
    values
        (?, ?, ?, ?, ?, default)
Hibernate: 
    insert 
    into
        car
        (car_brand, car_model, car_registration_number, car_status, car_year, car_id) 
    values
        (?, ?, ?, ?, ?, default)
2026-04-08T20:06:54.441+05:00 DEBUG 5020 --- [           main] org.hibernate.SQL                        : 
    insert 
    into
        car
        (car_brand, car_model, car_registration_number, car_status, car_year, car_id) 
    values
        (?, ?, ?, ?, ?, default)
Hibernate: 
    insert 
    into
        car
        (car_brand, car_model, car_registration_number, car_status, car_year, car_id) 
    values
        (?, ?, ?, ?, ?, default)
2026-04-08T20:06:54.504+05:00 DEBUG 5020 --- [           main] org.hibernate.SQL                        : 
    select
        c1_0.car_id,
        c1_0.car_brand,
        c1_0.car_model,
        c1_0.car_registration_number,
        c1_0.car_status,
        c1_0.car_year 
    from
        car c1_0
Hibernate: 
    select
        c1_0.car_id,
        c1_0.car_brand,
        c1_0.car_model,
        c1_0.car_registration_number,
        c1_0.car_status,
        c1_0.car_year 
    from
        car c1_0
2026-04-08T20:06:54.550+05:00 DEBUG 5020 --- [           main] org.hibernate.SQL                        : 
    delete 
    from
        car c1_0
Hibernate: 
    delete 
    from
        car c1_0
]]></system-out>
  </testcase>
  <testcase name="testFindFreeCars" classname="ru.ssau.carshwebcourse.controller.CarControllerTest" time="0.087">
    <system-out><![CDATA[2026-04-08T20:06:54.563+05:00 DEBUG 5020 --- [           main] org.hibernate.SQL                        : 
    insert 
    into
        car
        (car_brand, car_model, car_registration_number, car_status, car_year, car_id) 
    values
        (?, ?, ?, ?, ?, default)
Hibernate: 
    insert 
    into
        car
        (car_brand, car_model, car_registration_number, car_status, car_year, car_id) 
    values
        (?, ?, ?, ?, ?, default)
2026-04-08T20:06:54.565+05:00 DEBUG 5020 --- [           main] org.hibernate.SQL                        : 
    insert 
    into
        car
        (car_brand, car_model, car_registration_number, car_status, car_year, car_id) 
    values
        (?, ?, ?, ?, ?, default)
Hibernate: 
    insert 
    into
        car
        (car_brand, car_model, car_registration_number, car_status, car_year, car_id) 
    values
        (?, ?, ?, ?, ?, default)
2026-04-08T20:06:54.565+05:00 DEBUG 5020 --- [           main] org.hibernate.SQL                        : 
    insert 
    into
        car
        (car_brand, car_model, car_registration_number, car_status, car_year, car_id) 
    values
        (?, ?, ?, ?, ?, default)
Hibernate: 
    insert 
    into
        car
        (car_brand, car_model, car_registration_number, car_status, car_year, car_id) 
    values
        (?, ?, ?, ?, ?, default)
2026-04-08T20:06:54.641+05:00 DEBUG 5020 --- [           main] org.hibernate.SQL                        : 
    select
        c1_0.car_id,
        c1_0.car_brand,
        c1_0.car_model,
        c1_0.car_registration_number,
        c1_0.car_status,
        c1_0.car_year 
    from
        car c1_0 
    where
        c1_0.car_status=?
Hibernate: 
    select
        c1_0.car_id,
        c1_0.car_brand,
        c1_0.car_model,
        c1_0.car_registration_number,
        c1_0.car_status,
        c1_0.car_year 
    from
        car c1_0 
    where
        c1_0.car_status=?
2026-04-08T20:06:54.645+05:00 DEBUG 5020 --- [           main] org.hibernate.SQL                        : 
    delete 
    from
        car c1_0
Hibernate: 
    delete 
    from
        car c1_0
]]></system-out>
  </testcase>
  <testcase name="testUpdateCarStatus" classname="ru.ssau.carshwebcourse.controller.CarControllerTest" time="0.037">
    <system-out><![CDATA[2026-04-08T20:06:54.650+05:00 DEBUG 5020 --- [           main] org.hibernate.SQL                        : 
    insert 
    into
        car
        (car_brand, car_model, car_registration_number, car_status, car_year, car_id) 
    values
        (?, ?, ?, ?, ?, default)
Hibernate: 
    insert 
    into
        car
        (car_brand, car_model, car_registration_number, car_status, car_year, car_id) 
    values
        (?, ?, ?, ?, ?, default)
2026-04-08T20:06:54.652+05:00 DEBUG 5020 --- [           main] org.hibernate.SQL                        : 
    insert 
    into
        car
        (car_brand, car_model, car_registration_number, car_status, car_year, car_id) 
    values
        (?, ?, ?, ?, ?, default)
Hibernate: 
    insert 
    into
        car
        (car_brand, car_model, car_registration_number, car_status, car_year, car_id) 
    values
        (?, ?, ?, ?, ?, default)
2026-04-08T20:06:54.653+05:00 DEBUG 5020 --- [           main] org.hibernate.SQL                        : 
    insert 
    into
        car
        (car_brand, car_model, car_registration_number, car_status, car_year, car_id) 
    values
        (?, ?, ?, ?, ?, default)
Hibernate: 
    insert 
    into
        car
        (car_brand, car_model, car_registration_number, car_status, car_year, car_id) 
    values
        (?, ?, ?, ?, ?, default)
2026-04-08T20:06:54.665+05:00 DEBUG 5020 --- [           main] org.hibernate.SQL                        : 
    select
        c1_0.car_id,
        c1_0.car_brand,
        c1_0.car_model,
        c1_0.car_registration_number,
        c1_0.car_status,
        c1_0.car_year 
    from
        car c1_0 
    where
        c1_0.car_id=?
Hibernate: 
    select
        c1_0.car_id,
        c1_0.car_brand,
        c1_0.car_model,
        c1_0.car_registration_number,
        c1_0.car_status,
        c1_0.car_year 
    from
        car c1_0 
    where
        c1_0.car_id=?
2026-04-08T20:06:54.671+05:00 DEBUG 5020 --- [           main] org.hibernate.SQL                        : 
    select
        c1_0.car_id,
        c1_0.car_brand,
        c1_0.car_model,
        c1_0.car_registration_number,
        c1_0.car_status,
        c1_0.car_year 
    from
        car c1_0 
    where
        c1_0.car_id=?
Hibernate: 
    select
        c1_0.car_id,
        c1_0.car_brand,
        c1_0.car_model,
        c1_0.car_registration_number,
        c1_0.car_status,
        c1_0.car_year 
    from
        car c1_0 
    where
        c1_0.car_id=?
2026-04-08T20:06:54.679+05:00 DEBUG 5020 --- [           main] org.hibernate.SQL                        : 
    update
        car 
    set
        car_brand=?,
        car_model=?,
        car_registration_number=?,
        car_status=?,
        car_year=? 
    where
        car_id=?
Hibernate: 
    update
        car 
    set
        car_brand=?,
        car_model=?,
        car_registration_number=?,
        car_status=?,
        car_year=? 
    where
        car_id=?
2026-04-08T20:06:54.684+05:00 DEBUG 5020 --- [           main] org.hibernate.SQL                        : 
    delete 
    from
        car c1_0
Hibernate: 
    delete 
    from
        car c1_0
]]></system-out>
  </testcase>
  <testcase name="testFindCarById" classname="ru.ssau.carshwebcourse.controller.CarControllerTest" time="0.01">
    <system-out><![CDATA[2026-04-08T20:06:54.688+05:00 DEBUG 5020 --- [           main] org.hibernate.SQL                        : 
    insert 
    into
        car
        (car_brand, car_model, car_registration_number, car_status, car_year, car_id) 
    values
        (?, ?, ?, ?, ?, default)
Hibernate: 
    insert 
    into
        car
        (car_brand, car_model, car_registration_number, car_status, car_year, car_id) 
    values
        (?, ?, ?, ?, ?, default)
2026-04-08T20:06:54.690+05:00 DEBUG 5020 --- [           main] org.hibernate.SQL                        : 
    insert 
    into
        car
        (car_brand, car_model, car_registration_number, car_status, car_year, car_id) 
    values
        (?, ?, ?, ?, ?, default)
Hibernate: 
    insert 
    into
        car
        (car_brand, car_model, car_registration_number, car_status, car_year, car_id) 
    values
        (?, ?, ?, ?, ?, default)
2026-04-08T20:06:54.690+05:00 DEBUG 5020 --- [           main] org.hibernate.SQL                        : 
    insert 
    into
        car
        (car_brand, car_model, car_registration_number, car_status, car_year, car_id) 
    values
        (?, ?, ?, ?, ?, default)
Hibernate: 
    insert 
    into
        car
        (car_brand, car_model, car_registration_number, car_status, car_year, car_id) 
    values
        (?, ?, ?, ?, ?, default)
2026-04-08T20:06:54.691+05:00 DEBUG 5020 --- [           main] org.hibernate.SQL                        : 
    insert 
    into
        car
        (car_brand, car_model, car_registration_number, car_status, car_year, car_id) 
    values
        (?, ?, ?, ?, ?, default)
Hibernate: 
    insert 
    into
        car
        (car_brand, car_model, car_registration_number, car_status, car_year, car_id) 
    values
        (?, ?, ?, ?, ?, default)
2026-04-08T20:06:54.692+05:00 DEBUG 5020 --- [           main] org.hibernate.SQL                        : 
    select
        c1_0.car_id,
        c1_0.car_brand,
        c1_0.car_model,
        c1_0.car_registration_number,
        c1_0.car_status,
        c1_0.car_year 
    from
        car c1_0 
    where
        c1_0.car_id=?
Hibernate: 
    select
        c1_0.car_id,
        c1_0.car_brand,
        c1_0.car_model,
        c1_0.car_registration_number,
        c1_0.car_status,
        c1_0.car_year 
    from
        car c1_0 
    where
        c1_0.car_id=?
2026-04-08T20:06:54.694+05:00 DEBUG 5020 --- [           main] org.hibernate.SQL                        : 
    delete 
    from
        car c1_0
Hibernate: 
    delete 
    from
        car c1_0
]]></system-out>
  </testcase>
</testsuite>