<?xml version="1.0" encoding="UTF-8"?>
<testsuite xmlns:xsi="http://www.w3.org/2001/XMLSchema-instance" xsi:noNamespaceSchemaLocation="https://maven.apache.org/surefire/maven-surefire-plugin/xsd/surefire-test-report.xsd" version="3.0.2" name="ru.ssau.carshwebcourse.CarshWebCourseApplicationTests" time="8.145" tests="1" errors="0" skipped="0" failures="0">
  <properties>
[...]
</properties>
  <testcase name="contextLoads" classname="ru.ssau.carshwebcourse.CarshWebCourseApplicationTests" time="0.305">
    <system-out><![CDATA[20:06:46.459 [main] INFO org.springframework.test.context.support.AnnotationConfigContextLoaderUtils -- Could not detect default configuration classes for test class [ru.ssau.carshwebcourse.CarshWebCourseApplicationTests]: CarshWebCourseApplicationTests does not declare any static, non-private, non-final, nested classes annotated with @Configuration.
20:06:46.617 [main] INFO org.springframework.boot.test.context.SpringBootTestContextBootstrapper -- Found @SpringBootConfiguration ru.ssau.carshwebcourse.CarshWebCourseApplication for test class ru.ssau.carshwebcourse.CarshWebCourseApplicationTests

  .   ____          _            __ _ _
 /\\ / ___'_ __ _ _(_)_ __  __ _ \ \ \ \
( ( )\___ | '_ | '_| | '_ \/ _` | \ \ \ \
 \\/  ___)| |_)| | | | | || (_| |  ) ) ) )
  '  |____| .__|_| |_|_| |_\__, | / / / /
 =========|_|==============|___/=/_/_/_/

 :: Spring Boot ::                (v4.0.3)

2026-04-08T20:06:47.252+05:00  INFO 5020 --- [           main] r.s.c.CarshWebCourseApplicationTests     : Starting CarshWebCourseApplicationTests using Java 24.0.1 with PID 5020 (started by ischu in C:\Users\ischu\Documents\CourseProj\backend)
2026-04-08T20:06:47.254+05:00  INFO 5020 --- [           main] r.s.c.CarshWebCourseApplicationTests     : No active profile set, falling back to 1 default profile: "default"
2026-04-08T20:06:48.107+05:00  INFO 5020 --- [           main] .s.d.r.c.RepositoryConfigurationDelegate : Bootstrapping Spring Data JPA repositories in DEFAULT mode.
2026-04-08T20:06:48.189+05:00  INFO 5020 --- [           main] .s.d.r.c.RepositoryConfigurationDelegate : Finished Spring Data repository scanning in 71 ms. Found 6 JPA repository interfaces.
2026-04-08T20:06:48.633+05:00  INFO 5020 --- [           main] com.zaxxer.hikari.HikariDataSource       : HikariPool-1 - Starting...
2026-04-08T20:06:49.026+05:00  INFO 5020 --- [           main] com.zaxxer.hikari.pool.HikariPool        : HikariPool-1 - Added connection conn0: url=jdbc:h2:mem:db user=SA
2026-04-08T20:06:49.028+05:00  INFO 5020 --- [           main] com.zaxxer.hikari.HikariDataSource       : HikariPool-1 - Start completed.
2026-04-08T20:06:49.244+05:00  INFO 5020 --- [           main] org.hibernate.orm.jpa                    : HHH008540: Processing PersistenceUnitInfo [name: default]
2026-04-08T20:06:49.350+05:00  INFO 5020 --- [           main] org.hibernate.orm.core                   : HHH000001: Hibernate ORM core version 7.2.4.Final
2026-04-08T20:06:50.061+05:00  INFO 5020 --- [           main] o.s.o.j.p.SpringPersistenceUnitInfo      : No LoadTimeWeaver setup: ignoring JPA class transformer
2026-04-08T20:06:50.168+05:00  WARN 5020 --- [           main] org.hibernate.orm.deprecation            : HHH90000025: H2Dialect does not need to be specified explicitly using 'hibernate.dialect' (remove the property setting and it will be selected by default)
2026-04-08T20:06:50.196+05:00  INFO 5020 --- [           main] org.hibernate.orm.connections.pooling    : HHH10001005: Database info:
	Database JDBC URL [jdbc:h2:mem:db]
	Database driver: H2 JDBC Driver
	Database dialect: H2Dialect
	Database version: 2.4.240
	Default catalog/schema: DB/PUBLIC
	Autocommit mode: undefined/unknown
	Isolation level: READ_COMMITTED [default READ_COMMITTED]
	JDBC fetch size: 100
	Pool: DataSourceConnectionProvider
	Minimum pool size: undefined/unknown
	Maximum pool size: undefined/unknown
2026-04-08T20:06:51.844+05:00  INFO 5020 --- [           main] org.hibernate.orm.core                   : HHH000489: No JTA platform available (set 'hibernate.transaction.jta.platform' to enable JTA platform integration)
2026-04-08T20:06:51.874+05:00 DEBUG 5020 --- [           main] org.hibernate.SQL                        : 
    drop table if exists car cascade 
Hibernate: 
    drop table if exists car cascade 
2026-04-08T20:06:51.876+05:00 DEBUG 5020 --- [           main] org.hibernate.SQL                        : 
    drop table if exists drive cascade 
Hibernate: 
    drop table if exists drive cascade 
2026-04-08T20:06:51.878+05:00 DEBUG 5020 --- [           main] org.hibernate.SQL                        : 
    drop table if exists payment cascade 
Hibernate: 
    drop table if exists payment cascade 
2026-04-08T20:06:51.879+05:00 DEBUG 5020 --- [           main] org.hibernate.SQL                        : 
    drop table if exists role cascade 
Hibernate: 
    drop table if exists role cascade 
2026-04-08T20:06:51.879+05:00 DEBUG 5020 --- [           main] org.hibernate.SQL                        : 
    drop table if exists tariff cascade 
Hibernate: 
    drop table if exists tariff cascade 
2026-04-08T20:06:51.880+05:00 DEBUG 5020 --- [           main] org.hibernate.SQL                        : 
    drop table if exists "user" cascade 
Hibernate: 
    drop table if exists "user" cascade 
2026-04-08T20:06:51.881+05:00 DEBUG 5020 --- [           main] org.hibernate.SQL                        : 
    drop table if exists user_role cascade 
Hibernate: 
    drop table if exists user_role cascade 
2026-04-08T20:06:51.890+05:00 DEBUG 5020 --- [           main] org.hibernate.SQL                        : 
    create table car (
        car_year integer,
        car_id bigint generated by default as identity,
        car_brand varchar(255),
        car_model varchar(255),
        car_registration_number varchar(255) unique,
        car_status enum ('BEING_SERVICED','FREE','ON_A_TRIP'),
        primary key (car_id)
    )
Hibernate: 
    create table car (
        car_year integer,
        car_id bigint generated by default as identity,
        car_brand varchar(255),
        car_model varchar(255),
        car_registration_number varchar(255) unique,
        car_status enum ('BEING_SERVICED','FREE','ON_A_TRIP'),
        primary key (car_id)
    )
2026-04-08T20:06:51.892+05:00 DEBUG 5020 --- [           main] org.hibernate.SQL                        : 
    create table drive (
        car_id bigint,
        drive_id bigint generated by default as identity,
        end_rental timestamp(6),
        start_rental timestamp(6),
        tariff_id bigint,
        total_amount bigint,
        total_distance bigint,
        user_id bigint,
        drive_status enum ('ACTIVE','CANCELLED','COMPLETED','PENDING_PAYMENT'),
        primary key (drive_id)
    )
Hibernate: 
    create table drive (
        car_id bigint,
        drive_id bigint generated by default as identity,
        end_rental timestamp(6),
        start_rental timestamp(6),
        tariff_id bigint,
        total_amount bigint,
        total_distance bigint,
        user_id bigint,
        drive_status enum ('ACTIVE','CANCELLED','COMPLETED','PENDING_PAYMENT'),
        primary key (drive_id)
    )
2026-04-08T20:06:51.893+05:00 DEBUG 5020 --- [           main] org.hibernate.SQL                        : 
    create table payment (
        drive_id bigint unique,
        payment_amount bigint,
        payment_date timestamp(6),
        payment_id bigint generated by default as identity,
        payment_method enum ('CARD','CASH'),
        payment_status enum ('PENDING','SUCCESS'),
        primary key (payment_id)
    )
Hibernate: 
    create table payment (
        drive_id bigint unique,
        payment_amount bigint,
        payment_date timestamp(6),
        payment_id bigint generated by default as identity,
        payment_method enum ('CARD','CASH'),
        payment_status enum ('PENDING','SUCCESS'),
        primary key (payment_id)
    )
2026-04-08T20:06:51.895+05:00 DEBUG 5020 --- [           main] org.hibernate.SQL                        : 
    create table role (
        role_id bigint generated by default as identity,
        rolename enum ('ROLE_ADMIN','ROLE_USER'),
        primary key (role_id)
    )
Hibernate: 
    create table role (
        role_id bigint generated by default as identity,
        rolename enum ('ROLE_ADMIN','ROLE_USER'),
        primary key (role_id)
    )
2026-04-08T20:06:51.896+05:00 DEBUG 5020 --- [           main] org.hibernate.SQL                        : 
    create table tariff (
        price bigint,
        tariff_id bigint generated by default as identity,
        name varchar(255),
        tariff_type enum ('KILOMETER','MINUTE'),
        primary key (tariff_id)
    )
Hibernate: 
    create table tariff (
        price bigint,
        tariff_id bigint generated by default as identity,
        name varchar(255),
        tariff_type enum ('KILOMETER','MINUTE'),
        primary key (tariff_id)
    )
2026-04-08T20:06:51.897+05:00 DEBUG 5020 --- [           main] org.hibernate.SQL                        : 
    create table "user" (
        register_date timestamp(6),
        user_id bigint generated by default as identity,
        drive_licence_number varchar(255) unique,
        email varchar(255) unique,
        first_name varchar(255),
        last_name varchar(255),
        password varchar(255),
        phone_number varchar(255) unique,
        primary key (user_id)
    )
Hibernate: 
    create table "user" (
        register_date timestamp(6),
        user_id bigint generated by default as identity,
        drive_licence_number varchar(255) unique,
        email varchar(255) unique,
        first_name varchar(255),
        last_name varchar(255),
        password varchar(255),
        phone_number varchar(255) unique,
        primary key (user_id)
    )
2026-04-08T20:06:51.899+05:00 DEBUG 5020 --- [           main] org.hibernate.SQL                        : 
    create table user_role (
        role_id bigint not null,
        user_id bigint not null,
        primary key (role_id, user_id)
    )
Hibernate: 
    create table user_role (
        role_id bigint not null,
        user_id bigint not null,
        primary key (role_id, user_id)
    )
2026-04-08T20:06:51.901+05:00 DEBUG 5020 --- [           main] org.hibernate.SQL                        : 
    alter table if exists drive 
       add constraint FKj11fgpejwqtk1h2kncq97n49q 
       foreign key (car_id) 
       references car
Hibernate: 
    alter table if exists drive 
       add constraint FKj11fgpejwqtk1h2kncq97n49q 
       foreign key (car_id) 
       references car
2026-04-08T20:06:51.902+05:00 DEBUG 5020 --- [           main] org.hibernate.SQL                        : 
    alter table if exists drive 
       add constraint FK58ksptnjjjr5bc0j9qoqux2wl 
       foreign key (tariff_id) 
       references tariff
Hibernate: 
    alter table if exists drive 
       add constraint FK58ksptnjjjr5bc0j9qoqux2wl 
       foreign key (tariff_id) 
       references tariff
2026-04-08T20:06:51.905+05:00 DEBUG 5020 --- [           main] org.hibernate.SQL                        : 
    alter table if exists drive 
       add constraint FKbvcijva1ad3kpt6v7ouo6v43d 
       foreign key (user_id) 
       references "user"
Hibernate: 
    alter table if exists drive 
       add constraint FKbvcijva1ad3kpt6v7ouo6v43d 
       foreign key (user_id) 
       references "user"
2026-04-08T20:06:51.907+05:00 DEBUG 5020 --- [           main] org.hibernate.SQL                        : 
    alter table if exists payment 
       add constraint FKj8clvcpa73ib1nwttuf9ygle9 
       foreign key (drive_id) 
       references drive
Hibernate: 
    alter table if exists payment 
       add constraint FKj8clvcpa73ib1nwttuf9ygle9 
       foreign key (drive_id) 
       references drive
2026-04-08T20:06:51.908+05:00 DEBUG 5020 --- [           main] org.hibernate.SQL                        : 
    alter table if exists user_role 
       add constraint FKa68196081fvovjhkek5m97n3y 
       foreign key (role_id) 
       references role
Hibernate: 
    alter table if exists user_role 
       add constraint FKa68196081fvovjhkek5m97n3y 
       foreign key (role_id) 
       references role
2026-04-08T20:06:51.911+05:00 DEBUG 5020 --- [           main] org.hibernate.SQL                        : 
    alter table if exists user_role 
       add constraint FKfgsgxvihks805qcq8sq26ab7c 
       foreign key (user_id) 
       references "user"
Hibernate: 
    alter table if exists user_role 
       add constraint FKfgsgxvihks805qcq8sq26ab7c 
       foreign key (user_id) 
       references "user"
2026-04-08T20:06:51.916+05:00  INFO 5020 --- [           main] j.LocalContainerEntityManagerFactoryBean : Initialized JPA EntityManagerFactory for persistence unit 'default'
2026-04-08T20:06:51.960+05:00  WARN 5020 --- [           main] o.s.aop.framework.CglibAopProxy          : Unable to proxy interface-implementing method [public final void org.springframework.web.filter.GenericFilterBean.init(jakarta.servlet.FilterConfig) throws jakarta.servlet.ServletException] because it is marked as final, consider using interface-based JDK proxies instead.
2026-04-08T20:06:52.088+05:00  INFO 5020 --- [           main] eAuthenticationProviderManagerConfigurer : Global AuthenticationManager configured with AuthenticationProvider bean with name authProvider
2026-04-08T20:06:52.089+05:00  WARN 5020 --- [           main] r$InitializeUserDetailsManagerConfigurer : Global AuthenticationManager configured with an AuthenticationProvider bean. UserDetailsService beans will not be used by Spring Security for automatically configuring username/password login. Consider removing the AuthenticationProvider bean. Alternatively, consider using the UserDetailsService in a manually instantiated DaoAuthenticationProvider. If the current configuration is intentional, to turn off this warning, increase the logging level of 'org.springframework.security.config.annotation.authentication.configuration.InitializeUserDetailsBeanManagerConfigurer' to ERROR
2026-04-08T20:06:52.188+05:00  INFO 5020 --- [           main] o.s.d.j.r.query.QueryEnhancerFactories   : Hibernate is in classpath; If applicable, HQL parser will be used.
2026-04-08T20:06:53.274+05:00  WARN 5020 --- [           main] JpaBaseConfiguration$JpaWebConfiguration : spring.jpa.open-in-view is enabled by default. Therefore, database queries may be performed during view rendering. Explicitly configure spring.jpa.open-in-view to disable this warning
2026-04-08T20:06:53.660+05:00  INFO 5020 --- [           main] o.s.b.w.a.WelcomePageHandlerMapping      : Adding welcome page: class path resource [static/index.html]
2026-04-08T20:06:53.975+05:00  INFO 5020 --- [           main] r.s.c.CarshWebCourseApplicationTests     : Started CarshWebCourseApplicationTests in 7.103 seconds (process running for 8.966)
]]></system-out>
    <system-err><![CDATA[Mockito is currently self-attaching to enable the inline-mock-maker. This will no longer work in future releases of the JDK. Please add Mockito as an agent to your build as described in Mockito's documentation: https://javadoc.io/doc/org.mockito/mockito-core/latest/org.mockito/org/mockito/Mockito.html#0.3
WARNING: A Java agent has been loaded dynamically (C:\Users\ischu\.m2\repository\net\bytebuddy\byte-buddy-agent\1.17.8\byte-buddy-agent-1.17.8.jar)
WARNING: If a serviceability tool is in use, please run with -XX:+EnableDynamicAgentLoading to hide this warning
WARNING: If a serviceability tool is not in use, please run with -Djdk.instrument.traceUsage for more information
WARNING: Dynamic loading of agents will be disallowed by default in a future release
]]></system-err>
  </testcase>
</testsuite>