<?xml version="1.0" encoding="UTF-8"?>
<testsuite xmlns:xsi="http://www.w3.org/2001/XMLSchema-instance" xsi:noNamespaceSchemaLocation="https://maven.apache.org/surefire/maven-surefire-plugin/xsd/surefire-test-report.xsd" version="3.0.2" name="ru.ssau.carshwebcourse.controller.UserControllerTest" time="0.121" tests="1" errors="0" skipped="0" failures="1">
  <properties>
[...]
</properties>
  <testcase name="userRegisterTest" classname="ru.ssau.carshwebcourse.controller.UserControllerTest" time="0.112">
    <failure message="expected: &lt;test@example.com&gt; but was: &lt;null&gt;" type="org.opentest4j.AssertionFailedError"><![CDATA[org.opentest4j.AssertionFailedError: expected: <test@example.com> but was: <null>
	at org.junit.jupiter.api.AssertionFailureBuilder.build(AssertionFailureBuilder.java:158)
	at org.junit.jupiter.api.AssertionFailureBuilder.buildAndThrow(AssertionFailureBuilder.java:139)
	at org.junit.jupiter.api.AssertEquals.failNotEqual(AssertEquals.java:201)
	at org.junit.jupiter.api.AssertEquals.assertEquals(AssertEquals.java:184)
	at org.junit.jupiter.api.AssertEquals.assertEquals(AssertEquals.java:179)
	at org.junit.jupiter.api.Assertions.assertEquals(Assertions.java:1188)
	at ru.ssau.carshwebcourse.controller.UserControllerTest.userRegisterTest(UserControllerTest.java:50)
	Suppressed: org.springframework.dao.DataIntegrityViolationException: JDBC exception executing SQL [Нарушение ссылочной целостности: "FKBVCIJVA1AD3KPT6V7OUO6V43D: PUBLIC.DRIVE FOREIGN KEY(USER_ID) REFERENCES PUBLIC.""user""(USER_ID) (CAST(1 AS BIGINT))"
Referential integrity constraint violation: "FKBVCIJVA1AD3KPT6V7OUO6V43D: PUBLIC.DRIVE FOREIGN KEY(USER_ID) REFERENCES PUBLIC.""user""(USER_ID) (CAST(1 AS BIGINT))"; SQL statement:
delete from "user" u1_0 [23503-240]] [delete from "user" u1_0]; SQL [delete from "user" u1_0]; constraint [FKBVCIJVA1AD3KPT6V7OUO6V43D]
		at org.springframework.orm.jpa.hibernate.HibernateExceptionTranslator.convertHibernateAccessException(HibernateExceptionTranslator.java:169)
		at org.springframework.orm.jpa.hibernate.HibernateExceptionTranslator.convertHibernateAccessException(HibernateExceptionTranslator.java:131)
		at org.springframework.orm.jpa.hibernate.HibernateExceptionTranslator.translateExceptionIfPossible(HibernateExceptionTranslator.java:105)
		at org.springframework.orm.jpa.vendor.HibernateJpaDialect.translateExceptionIfPossible(HibernateJpaDialect.java:223)
		at org.springframework.orm.jpa.AbstractEntityManagerFactoryBean.translateExceptionIfPossible(AbstractEntityManagerFactoryBean.java:576)
		at org.springframework.dao.support.ChainedPersistenceExceptionTranslator.translateExceptionIfPossible(ChainedPersistenceExceptionTranslator.java:61)
		at org.springframework.dao.support.DataAccessUtils.translateIfNecessary(DataAccessUtils.java:346)
		at org.springframework.dao.support.PersistenceExceptionTranslationInterceptor.invoke(PersistenceExceptionTranslationInterceptor.java:157)
		at org.springframework.aop.framework.ReflectiveMethodInvocation.proceed(ReflectiveMethodInvocation.java:179)
		at org.springframework.data.jpa.repository.support.CrudMethodMetadataPostProcessor$CrudMethodMetadataPopulatingMethodInterceptor.invoke(CrudMethodMetadataPostProcessor.java:166)
		at org.springframework.aop.framework.ReflectiveMethodInvocation.proceed(ReflectiveMethodInvocation.java:179)
		at org.springframework.aop.framework.JdkDynamicAopProxy.invoke(JdkDynamicAopProxy.java:222)
		at jdk.proxy2/jdk.proxy2.$Proxy159.deleteAllInBatch(Unknown Source)
		at ru.ssau.carshwebcourse.controller.UserControllerTest.after(UserControllerTest.java:39)
	Caused by: org.hibernate.exception.ConstraintViolationException: JDBC exception executing SQL [Нарушение ссылочной целостности: "FKBVCIJVA1AD3KPT6V7OUO6V43D: PUBLIC.DRIVE FOREIGN KEY(USER_ID) REFERENCES PUBLIC.""user""(USER_ID) (CAST(1 AS BIGINT))"
Referential integrity constraint violation: "FKBVCIJVA1AD3KPT6V7OUO6V43D: PUBLIC.DRIVE FOREIGN KEY(USER_ID) REFERENCES PUBLIC.""user""(USER_ID) (CAST(1 AS BIGINT))"; SQL statement:
delete from "user" u1_0 [23503-240]] [delete from "user" u1_0]
		at org.hibernate.dialect.H2Dialect.lambda$buildSQLExceptionConversionDelegate$0(H2Dialect.java:840)
		at org.hibernate.exception.internal.StandardSQLExceptionConverter.convert(StandardSQLExceptionConverter.java:34)
		at org.hibernate.engine.jdbc.spi.SqlExceptionHelper.convert(SqlExceptionHelper.java:115)
		at org.hibernate.sql.exec.internal.StandardJdbcMutationExecutor.handleException(StandardJdbcMutationExecutor.java:95)
		at org.hibernate.sql.exec.internal.StandardJdbcMutationExecutor.execute(StandardJdbcMutationExecutor.java:84)
		at org.hibernate.query.sqm.internal.SimpleNonSelectQueryPlan.execute(SimpleNonSelectQueryPlan.java:61)
		at org.hibernate.query.sqm.internal.SimpleDeleteQueryPlan.execute(SimpleDeleteQueryPlan.java:154)
		at org.hibernate.query.sqm.internal.SimpleNonSelectQueryPlan.executeUpdate(SimpleNonSelectQueryPlan.java:56)
		at org.hibernate.query.sqm.internal.SqmQueryImpl.doExecuteUpdate(SqmQueryImpl.java:509)
		at org.hibernate.query.sqm.internal.SqmQueryImpl.executeUpdate(SqmQueryImpl.java:481)
		at org.springframework.data.jpa.repository.support.SimpleJpaRepository.deleteAllInBatch(SimpleJpaRepository.java:324)
		at java.base/jdk.internal.reflect.DirectMethodHandleAccessor.invoke(DirectMethodHandleAccessor.java:104)
		at java.base/java.lang.reflect.Method.invoke(Method.java:565)
		at org.springframework.aop.support.AopUtils.invokeJoinpointUsingReflection(AopUtils.java:359)
		at org.springframework.data.repository.core.support.RepositoryMethodInvoker$RepositoryFragmentMethodInvoker.lambda$new$0(RepositoryMethodInvoker.java:278)
		at org.springframework.data.repository.core.support.RepositoryMethodInvoker.doInvoke(RepositoryMethodInvoker.java:169)
		at org.springframework.data.repository.core.support.RepositoryMethodInvoker.invoke(RepositoryMethodInvoker.java:158)
		at org.springframework.data.repository.core.support.RepositoryComposition$RepositoryFragments.invoke(RepositoryComposition.java:545)
		at org.springframework.data.repository.core.support.RepositoryComposition.invoke(RepositoryComposition.java:290)
		at org.springframework.data.repository.core.support.RepositoryFactorySupport$ImplementationMethodExecutionInterceptor.invoke(RepositoryFactorySupport.java:690)
		at org.springframework.aop.framework.ReflectiveMethodInvocation.proceed(ReflectiveMethodInvocation.java:179)
		at org.springframework.data.repository.core.support.QueryExecutorMethodInterceptor.doInvoke(QueryExecutorMethodInterceptor.java:171)
		at org.springframework.data.repository.core.support.QueryExecutorMethodInterceptor.invoke(QueryExecutorMethodInterceptor.java:146)
		at org.springframework.aop.framework.ReflectiveMethodInvocation.proceed(ReflectiveMethodInvocation.java:179)
		at org.springframework.data.projection.DefaultMethodInvokingMethodInterceptor.invoke(DefaultMethodInvokingMethodInterceptor.java:69)
		at org.springframework.aop.framework.ReflectiveMethodInvocation.proceed(ReflectiveMethodInvocation.java:179)
		at org.springframework.transaction.interceptor.TransactionInterceptor$1.proceedWithInvocation(TransactionInterceptor.java:133)
		at org.springframework.transaction.interceptor.TransactionAspectSupport.invokeWithinTransaction(TransactionAspectSupport.java:371)
		at org.springframework.transaction.interceptor.TransactionInterceptor.invoke(TransactionInterceptor.java:130)
		at org.springframework.aop.framework.ReflectiveMethodInvocation.proceed(ReflectiveMethodInvocation.java:179)
		at org.springframework.dao.support.PersistenceExceptionTranslationInterceptor.invoke(PersistenceExceptionTranslationInterceptor.java:135)
		... 6 more
	Caused by: org.h2.jdbc.JdbcSQLIntegrityConstraintViolationException: Нарушение ссылочной целостности: "FKBVCIJVA1AD3KPT6V7OUO6V43D: PUBLIC.DRIVE FOREIGN KEY(USER_ID) REFERENCES PUBLIC.""user""(USER_ID) (CAST(1 AS BIGINT))"
Referential integrity constraint violation: "FKBVCIJVA1AD3KPT6V7OUO6V43D: PUBLIC.DRIVE FOREIGN KEY(USER_ID) REFERENCES PUBLIC.""user""(USER_ID) (CAST(1 AS BIGINT))"; SQL statement:
delete from "user" u1_0 [23503-240]
		at org.h2.message.DbException.getJdbcSQLException(DbException.java:520)
		at org.h2.message.DbException.getJdbcSQLException(DbException.java:489)
		at org.h2.message.DbException.get(DbException.java:223)
		at org.h2.message.DbException.get(DbException.java:199)
		at org.h2.constraint.ConstraintReferential.checkRow(ConstraintReferential.java:363)
		at org.h2.constraint.ConstraintReferential.checkRowRefTable(ConstraintReferential.java:380)
		at org.h2.constraint.ConstraintReferential.checkRow(ConstraintReferential.java:254)
		at org.h2.table.Table.fireConstraints(Table.java:1208)
		at org.h2.table.Table.fireAfterRow(Table.java:1226)
		at org.h2.command.dml.Delete.update(Delete.java:81)
		at org.h2.command.dml.DataChangeStatement.update(DataChangeStatement.java:77)
		at org.h2.command.CommandContainer.update(CommandContainer.java:139)
		at org.h2.command.Command.executeUpdate(Command.java:306)
		at org.h2.command.Command.executeUpdate(Command.java:250)
		at org.h2.jdbc.JdbcPreparedStatement.executeUpdateInternal(JdbcPreparedStatement.java:213)
		at org.h2.jdbc.JdbcPreparedStatement.executeUpdate(JdbcPreparedStatement.java:172)
		at com.zaxxer.hikari.pool.ProxyPreparedStatement.executeUpdate(ProxyPreparedStatement.java:61)
		at com.zaxxer.hikari.pool.HikariProxyPreparedStatement.executeUpdate(HikariProxyPreparedStatement.java)
		at org.hibernate.sql.exec.internal.StandardJdbcMutationExecutor.execute(StandardJdbcMutationExecutor.java:70)
		... 32 more
]]></failure>
    <system-out><![CDATA[2026-04-08T20:06:54.797+05:00 DEBUG 5020 --- [           main] .b.t.c.SpringBootTestContextBootstrapper : Neither @ContextConfiguration nor @ContextHierarchy found for test class [UserControllerTest]: using SpringBootContextLoader
2026-04-08T20:06:54.799+05:00  INFO 5020 --- [           main] t.c.s.AnnotationConfigContextLoaderUtils : Could not detect default configuration classes for test class [ru.ssau.carshwebcourse.controller.UserControllerTest]: UserControllerTest does not declare any static, non-private, non-final, nested classes annotated with @Configuration.
2026-04-08T20:06:54.799+05:00 DEBUG 5020 --- [           main] .b.t.c.SpringBootTestContextBootstrapper : Using ContextCustomizerFactory implementations for test class [UserControllerTest]: [SpringBootTestRandomPortContextCustomizerFactory, ImportsContextCustomizerFactory, PropertyMappingContextCustomizerFactory, ExcludeFilterContextCustomizerFactory, TypeExcludeFiltersContextCustomizerFactory, DisableReactorResourceFactoryGlobalResourcesContextCustomizerFactory, DuplicateJsonObjectContextCustomizerFactory, OnFailureConditionReportContextCustomizerFactory, OverrideAutoConfigurationContextCustomizerFactory, BeanOverrideContextCustomizerFactory, MockServerContainerContextCustomizerFactory, DynamicPropertiesContextCustomizerFactory]
2026-04-08T20:06:54.800+05:00 DEBUG 5020 --- [           main] .b.t.c.SpringBootTestContextBootstrapper : Using ContextCustomizers for test class [UserControllerTest]: [SpringBootTestRandomPortContextCustomizer, PropertyMappingContextCustomizer, ExcludeFilterContextCustomizer, DuplicateJsonObjectContextCustomizer, OnFailureConditionReportContextCustomizer, DynamicPropertiesContextCustomizer]
2026-04-08T20:06:54.801+05:00  INFO 5020 --- [           main] .b.t.c.SpringBootTestContextBootstrapper : Found @SpringBootConfiguration ru.ssau.carshwebcourse.CarshWebCourseApplication for test class ru.ssau.carshwebcourse.controller.UserControllerTest
2026-04-08T20:06:54.802+05:00 DEBUG 5020 --- [           main] .b.t.c.SpringBootTestContextBootstrapper : Using TestExecutionListeners for test class [UserControllerTest]: [ServletTestExecutionListener, DirtiesContextBeforeModesTestExecutionListener, ApplicationEventsTestExecutionListener, BeanOverrideTestExecutionListener, DependencyInjectionTestExecutionListener, DirtiesContextTestExecutionListener, CommonCachesTestExecutionListener, TransactionalTestExecutionListener, SqlScriptsTestExecutionListener, EventPublishingTestExecutionListener, MockitoResetTestExecutionListener]
2026-04-08T20:06:54.806+05:00 DEBUG 5020 --- [           main] org.hibernate.SQL                        : 
    insert 
    into
        role
        (rolename, role_id) 
    values
        (?, default)
Hibernate: 
    insert 
    into
        role
        (rolename, role_id) 
    values
        (?, default)
2026-04-08T20:06:54.808+05:00 DEBUG 5020 --- [           main] org.hibernate.SQL                        : 
    insert 
    into
        role
        (rolename, role_id) 
    values
        (?, default)
Hibernate: 
    insert 
    into
        role
        (rolename, role_id) 
    values
        (?, default)
2026-04-08T20:06:54.882+05:00 DEBUG 5020 --- [           main] org.hibernate.SQL                        : 
    insert 
    into
        "user"
        (drive_licence_number, email, first_name, last_name, password, phone_number, register_date, user_id) 
    values
        (?, ?, ?, ?, ?, ?, localtimestamp, default)
Hibernate: 
    insert 
    into
        "user"
        (drive_licence_number, email, first_name, last_name, password, phone_number, register_date, user_id) 
    values
        (?, ?, ?, ?, ?, ?, localtimestamp, default)
2026-04-08T20:06:54.891+05:00 DEBUG 5020 --- [           main] org.hibernate.SQL                        : 
    insert 
    into
        user_role
        (user_id, role_id) 
    values
        (?, ?)
Hibernate: 
    insert 
    into
        user_role
        (user_id, role_id) 
    values
        (?, ?)
2026-04-08T20:06:54.897+05:00 DEBUG 5020 --- [           main] org.hibernate.SQL                        : 
    select
        u1_0.user_id,
        u1_0.drive_licence_number,
        u1_0.email,
        u1_0.first_name,
        u1_0.last_name,
        u1_0.password,
        u1_0.phone_number,
        u1_0.register_date 
    from
        "user" u1_0 
    where
        u1_0.user_id=?
Hibernate: 
    select
        u1_0.user_id,
        u1_0.drive_licence_number,
        u1_0.email,
        u1_0.first_name,
        u1_0.last_name,
        u1_0.password,
        u1_0.phone_number,
        u1_0.register_date 
    from
        "user" u1_0 
    where
        u1_0.user_id=?
2026-04-08T20:06:54.903+05:00 DEBUG 5020 --- [           main] org.hibernate.SQL                        : 
    select
        r1_0.user_id,
        r1_1.role_id,
        r1_1.rolename 
    from
        user_role r1_0 
    join
        role r1_1 
            on r1_1.role_id=r1_0.role_id 
    where
        r1_0.user_id=?
Hibernate: 
    select
        r1_0.user_id,
        r1_1.role_id,
        r1_1.rolename 
    from
        user_role r1_0 
    join
        role r1_1 
            on r1_1.role_id=r1_0.role_id 
    where
        r1_0.user_id=?
2026-04-08T20:06:54.911+05:00 DEBUG 5020 --- [           main] org.hibernate.SQL                        : 
    delete 
    from
        user_role to_delete_
Hibernate: 
    delete 
    from
        user_role to_delete_
2026-04-08T20:06:54.912+05:00 DEBUG 5020 --- [           main] org.hibernate.SQL                        : 
    delete 
    from
        "user" u1_0
Hibernate: 
    delete 
    from
        "user" u1_0
2026-04-08T20:06:54.912+05:00  WARN 5020 --- [           main] org.hibernate.orm.jdbc.error             : HHH000247: ErrorCode: 23503, SQLState: 23503
2026-04-08T20:06:54.912+05:00  WARN 5020 --- [           main] org.hibernate.orm.jdbc.error             : ��������� ��������� �����������: "FKBVCIJVA1AD3KPT6V7OUO6V43D: PUBLIC.DRIVE FOREIGN KEY(USER_ID) REFERENCES PUBLIC.""user""(USER_ID) (CAST(1 AS BIGINT))"
Referential integrity constraint violation: "FKBVCIJVA1AD3KPT6V7OUO6V43D: PUBLIC.DRIVE FOREIGN KEY(USER_ID) REFERENCES PUBLIC.""user""(USER_ID) (CAST(1 AS BIGINT))"; SQL statement:
delete from "user" u1_0 [23503-240]
]]></system-out>
  </testcase>
</testsuite>